  bih.c
  builddate.c
  cap_avi.c
  cap_ogg.c
  cd_shared.c
  cl_cmd.c
  cl_collision.c
  cl_demo.c
  cl_ents.c
  cl_ents4.c
  cl_ents5.c
  cl_ents_nq.c
  cl_ents_qw.c
  cl_input.c
  cl_main.c
  cl_parse.c
  cl_particles.c
  cl_screen.c
  cl_video.c
  cl_video_libavw.c
  clvm_cmds.c
  cmd.c
  collision.c
  com_crc16.c
  com_ents.c
  com_ents4.c
  com_game.c
  com_infostring.c
  com_msg.c
  common.c
  console.c
  csprogs.c
  curves.c
  cvar.c
  dpvsimpledecode.c
  filematch.c
  fractalnoise.c
  fs.c
  ft2.c
  gl_backend.c
  gl_draw.c
  gl_rmain.c
  gl_rsurf.c
  gl_textures.c
  hmac.c
  host.c
  image.c
  image_png.c
  jpeg.c
  keys.c
  lhnet.c
  libcurl.c
  mathlib.c
  matrixlib.c
  mdfour.c
  menu.c
  meshqueue.c
  mod_skeletal_animatevertices_generic.c
  mod_skeletal_animatevertices_sse.c
  model_alias.c
  model_brush.c
  model_shared.c
  model_sprite.c
  mvm_cmds.c
  netconn.c
  palette.c
  polygon.c
  portals.c
  protocol.c
  prvm_cmds.c
  prvm_edict.c
  prvm_exec.c
  r_explosion.c
  r_lightning.c
  r_modules.c
  r_shadow.c
  r_stats.c
  r_sky.c
  r_sprites.c
  sbar.c
  snd_main.c
  snd_mem.c
  snd_mix.c
  snd_ogg.c
  snd_sdl.c
  snd_wav.c
  snd_xmp.c
  sv_ccmds.c
  sv_demo.c
  sv_ents.c
  sv_ents4.c
  sv_ents5.c
  sv_ents_nq.c
  sv_ents_csqc.c
  sv_main.c
  sv_move.c
  sv_phys.c
  sv_save.c
  sv_send.c
  sv_user.c
  svbsp.c
  svvm_cmds.c
  sys_sdl.c
  sys_shared.c
  taskqueue.c
  thread_sdl.c
  utf8lib.c
  vid_sdl.c
  vid_shared.c
  view.c
  wad.c
  world.c
  zone.c
  crypto.c
     Creating library C:\Users\havoc\Source\Repos\darkplaces\\darkplaces-sdl2-vs2019.lib and object C:\Users\havoc\Source\Repos\darkplaces\\darkplaces-sdl2-vs2019.exp
  Generating code
  Previous IPDB not found, fall back to full compilation.
  All 3374 functions were compiled because no usable IPDB/IOBJ from previous compilation was found.
  Finished generating code
  darkplaces-sdl2-vs2019.vcxproj -> C:\Users\havoc\Source\Repos\darkplaces\darkplaces-sdl2-vs2019.exe
